0 info it worked if it ends with ok
1 verbose cli [ '/Users/chris/opt/node/bin/node',
1 verbose cli   '/Users/chris/opt/node/bin/npm',
1 verbose cli   'publish' ]
2 info using npm@1.2.11
3 info using node@v0.8.21
4 verbose publish [ '.' ]
5 verbose read json /Users/chris/git/segment-tree/package.json
6 verbose cache add [ '.', null ]
7 verbose cache add name=undefined spec="." args=[".",null]
8 verbose parsed url { pathname: '.', path: '.', href: '.' }
9 silly lockFile 3a52ce78- .
10 verbose lock . /Users/chris/.npm/3a52ce78-.lock
11 verbose read json package.json
12 verbose tar pack [ '/var/folders/kh/0z_nqct17pl8j8x93nzmcxzm0000gn/T/npm-1853/1371493517512-0.7716276606079191/tmp.tgz',
12 verbose tar pack   '.' ]
13 verbose tarball /var/folders/kh/0z_nqct17pl8j8x93nzmcxzm0000gn/T/npm-1853/1371493517512-0.7716276606079191/tmp.tgz
14 verbose folder .
15 info prepublish stree@0.0.3
16 silly lockFile 3a52ce78- .
17 verbose lock . /Users/chris/.npm/3a52ce78-.lock
18 silly lockFile afdd8838-17512-0-7716276606079191-tmp-tgz /var/folders/kh/0z_nqct17pl8j8x93nzmcxzm0000gn/T/npm-1853/1371493517512-0.7716276606079191/tmp.tgz
19 verbose lock /var/folders/kh/0z_nqct17pl8j8x93nzmcxzm0000gn/T/npm-1853/1371493517512-0.7716276606079191/tmp.tgz /Users/chris/.npm/afdd8838-17512-0-7716276606079191-tmp-tgz.lock
20 silly lockFile 3a52ce78- .
21 silly lockFile 3a52ce78- .
22 silly lockFile afdd8838-17512-0-7716276606079191-tmp-tgz /var/folders/kh/0z_nqct17pl8j8x93nzmcxzm0000gn/T/npm-1853/1371493517512-0.7716276606079191/tmp.tgz
23 silly lockFile afdd8838-17512-0-7716276606079191-tmp-tgz /var/folders/kh/0z_nqct17pl8j8x93nzmcxzm0000gn/T/npm-1853/1371493517512-0.7716276606079191/tmp.tgz
24 verbose tar unpack /var/folders/kh/0z_nqct17pl8j8x93nzmcxzm0000gn/T/npm-1853/1371493517512-0.7716276606079191/tmp.tgz
25 silly lockFile 59c0e6cf-17512-0-7716276606079191-package /var/folders/kh/0z_nqct17pl8j8x93nzmcxzm0000gn/T/npm-1853/1371493517512-0.7716276606079191/package
26 verbose lock /var/folders/kh/0z_nqct17pl8j8x93nzmcxzm0000gn/T/npm-1853/1371493517512-0.7716276606079191/package /Users/chris/.npm/59c0e6cf-17512-0-7716276606079191-package.lock
27 silly lockFile afdd8838-17512-0-7716276606079191-tmp-tgz /var/folders/kh/0z_nqct17pl8j8x93nzmcxzm0000gn/T/npm-1853/1371493517512-0.7716276606079191/tmp.tgz
28 verbose lock /var/folders/kh/0z_nqct17pl8j8x93nzmcxzm0000gn/T/npm-1853/1371493517512-0.7716276606079191/tmp.tgz /Users/chris/.npm/afdd8838-17512-0-7716276606079191-tmp-tgz.lock
29 silly gunzTarPerm modes [ '755', '644' ]
30 silly gunzTarPerm extractEntry package.json
31 silly gunzTarPerm extractEntry .npmignore
32 silly gunzTarPerm extractEntry README.md
33 silly gunzTarPerm extractEntry LICENSE
34 silly gunzTarPerm extractEntry index.js
35 silly gunzTarPerm extractEntry segment-tree-min.js
36 silly gunzTarPerm extractEntry segment-tree.js
37 silly gunzTarPerm extractEntry test/run_cases.iced
38 silly gunzTarPerm extractEntry lib/bounding-box.js
39 silly gunzTarPerm extractEntry lib/browser-main.js
40 silly gunzTarPerm extractEntry lib/segment-tree.js
41 silly gunzTarPerm extractEntry lib/utils.js
42 silly gunzTarPerm extractEntry index.iced
43 silly gunzTarPerm extractEntry Cakefile
44 silly gunzTarPerm extractEntry src/bounding-box.iced
45 silly gunzTarPerm extractEntry src/browser-main.iced
46 silly gunzTarPerm extractEntry src/segment-tree.iced
47 silly gunzTarPerm extractEntry src/utils.iced
48 verbose read json /var/folders/kh/0z_nqct17pl8j8x93nzmcxzm0000gn/T/npm-1853/1371493517512-0.7716276606079191/package/package.json
49 silly lockFile 59c0e6cf-17512-0-7716276606079191-package /var/folders/kh/0z_nqct17pl8j8x93nzmcxzm0000gn/T/npm-1853/1371493517512-0.7716276606079191/package
50 silly lockFile 59c0e6cf-17512-0-7716276606079191-package /var/folders/kh/0z_nqct17pl8j8x93nzmcxzm0000gn/T/npm-1853/1371493517512-0.7716276606079191/package
51 silly lockFile afdd8838-17512-0-7716276606079191-tmp-tgz /var/folders/kh/0z_nqct17pl8j8x93nzmcxzm0000gn/T/npm-1853/1371493517512-0.7716276606079191/tmp.tgz
52 silly lockFile afdd8838-17512-0-7716276606079191-tmp-tgz /var/folders/kh/0z_nqct17pl8j8x93nzmcxzm0000gn/T/npm-1853/1371493517512-0.7716276606079191/tmp.tgz
53 verbose from cache /var/folders/kh/0z_nqct17pl8j8x93nzmcxzm0000gn/T/npm-1853/1371493517512-0.7716276606079191/package/package.json
54 verbose tar pack [ '/Users/chris/.npm/stree/0.0.3/package.tgz',
54 verbose tar pack   '/var/folders/kh/0z_nqct17pl8j8x93nzmcxzm0000gn/T/npm-1853/1371493517512-0.7716276606079191/package' ]
55 verbose tarball /Users/chris/.npm/stree/0.0.3/package.tgz
56 verbose folder /var/folders/kh/0z_nqct17pl8j8x93nzmcxzm0000gn/T/npm-1853/1371493517512-0.7716276606079191/package
57 silly lockFile 59c0e6cf-17512-0-7716276606079191-package /var/folders/kh/0z_nqct17pl8j8x93nzmcxzm0000gn/T/npm-1853/1371493517512-0.7716276606079191/package
58 verbose lock /var/folders/kh/0z_nqct17pl8j8x93nzmcxzm0000gn/T/npm-1853/1371493517512-0.7716276606079191/package /Users/chris/.npm/59c0e6cf-17512-0-7716276606079191-package.lock
59 silly lockFile d07f734f-hris-npm-stree-0-0-3-package-tgz /Users/chris/.npm/stree/0.0.3/package.tgz
60 verbose lock /Users/chris/.npm/stree/0.0.3/package.tgz /Users/chris/.npm/d07f734f-hris-npm-stree-0-0-3-package-tgz.lock
61 silly lockFile 59c0e6cf-17512-0-7716276606079191-package /var/folders/kh/0z_nqct17pl8j8x93nzmcxzm0000gn/T/npm-1853/1371493517512-0.7716276606079191/package
62 silly lockFile 59c0e6cf-17512-0-7716276606079191-package /var/folders/kh/0z_nqct17pl8j8x93nzmcxzm0000gn/T/npm-1853/1371493517512-0.7716276606079191/package
63 silly lockFile d07f734f-hris-npm-stree-0-0-3-package-tgz /Users/chris/.npm/stree/0.0.3/package.tgz
64 silly lockFile d07f734f-hris-npm-stree-0-0-3-package-tgz /Users/chris/.npm/stree/0.0.3/package.tgz
65 silly lockFile 0187a96a-rs-chris-npm-stree-0-0-3-package /Users/chris/.npm/stree/0.0.3/package
66 verbose lock /Users/chris/.npm/stree/0.0.3/package /Users/chris/.npm/0187a96a-rs-chris-npm-stree-0-0-3-package.lock
67 silly lockFile 0187a96a-rs-chris-npm-stree-0-0-3-package /Users/chris/.npm/stree/0.0.3/package
68 silly lockFile 0187a96a-rs-chris-npm-stree-0-0-3-package /Users/chris/.npm/stree/0.0.3/package
69 verbose tar unpack /Users/chris/.npm/stree/0.0.3/package.tgz
70 silly lockFile 0187a96a-rs-chris-npm-stree-0-0-3-package /Users/chris/.npm/stree/0.0.3/package
71 verbose lock /Users/chris/.npm/stree/0.0.3/package /Users/chris/.npm/0187a96a-rs-chris-npm-stree-0-0-3-package.lock
72 silly lockFile d07f734f-hris-npm-stree-0-0-3-package-tgz /Users/chris/.npm/stree/0.0.3/package.tgz
73 verbose lock /Users/chris/.npm/stree/0.0.3/package.tgz /Users/chris/.npm/d07f734f-hris-npm-stree-0-0-3-package-tgz.lock
74 silly gunzTarPerm modes [ '755', '644' ]
75 silly gunzTarPerm extractEntry package.json
76 silly gunzTarPerm extractEntry .npmignore
77 silly gunzTarPerm extractEntry README.md
78 silly gunzTarPerm extractEntry LICENSE
79 silly gunzTarPerm extractEntry index.js
80 silly gunzTarPerm extractEntry segment-tree-min.js
81 silly gunzTarPerm extractEntry segment-tree.js
82 silly gunzTarPerm extractEntry index.iced
83 silly gunzTarPerm extractEntry lib/bounding-box.js
84 silly gunzTarPerm extractEntry lib/browser-main.js
85 silly gunzTarPerm extractEntry lib/segment-tree.js
86 silly gunzTarPerm extractEntry lib/utils.js
87 silly gunzTarPerm extractEntry Cakefile
88 silly gunzTarPerm extractEntry src/bounding-box.iced
89 silly gunzTarPerm extractEntry src/browser-main.iced
90 silly gunzTarPerm extractEntry src/segment-tree.iced
91 silly gunzTarPerm extractEntry src/utils.iced
92 silly gunzTarPerm extractEntry test/run_cases.iced
93 verbose read json /Users/chris/.npm/stree/0.0.3/package/package.json
94 silly lockFile 0187a96a-rs-chris-npm-stree-0-0-3-package /Users/chris/.npm/stree/0.0.3/package
95 silly lockFile 0187a96a-rs-chris-npm-stree-0-0-3-package /Users/chris/.npm/stree/0.0.3/package
96 silly lockFile d07f734f-hris-npm-stree-0-0-3-package-tgz /Users/chris/.npm/stree/0.0.3/package.tgz
97 silly lockFile d07f734f-hris-npm-stree-0-0-3-package-tgz /Users/chris/.npm/stree/0.0.3/package.tgz
98 silly shasum updated bytes 11510
99 info shasum b640f3f846b61ac722ce796747a2ed7cfda2a831
99 info shasum /Users/chris/.npm/stree/0.0.3/package.tgz
100 verbose from cache /Users/chris/.npm/stree/0.0.3/package/package.json
101 verbose chmod /Users/chris/.npm/stree/0.0.3/package.tgz 644
102 verbose chown /Users/chris/.npm/stree/0.0.3/package.tgz [ 501, 20 ]
103 silly lockFile 3a52ce78- .
104 silly publish { name: 'stree',
104 silly publish   description: 'A module/lib for keeping track of segments',
104 silly publish   version: '0.0.3',
104 silly publish   directories: { lib: './lib' },
104 silly publish   main: 'index.js',
104 silly publish   author: { name: 'Chris Coyne', email: 'ccoyne77@gmail.com' },
104 silly publish   dependencies: {},
104 silly publish   devDependencies:
104 silly publish    { 'iced-coffee-script': '*',
104 silly publish      browserify: '*',
104 silly publish      stitch: '*',
104 silly publish      icsify: '*',
104 silly publish      'uglify-js': '*',
104 silly publish      through: '*',
104 silly publish      'iced-error': '*' },
104 silly publish   repository:
104 silly publish    { type: 'git',
104 silly publish      url: 'http://github.com/malgorithms/segment-tree' },
104 silly publish   licenses:
104 silly publish    [ { type: 'MIT',
104 silly publish        url: 'http://github.com/malgorithms/segment-tree/raw/master/LICENSE' } ],
104 silly publish   readme: 'segment-tree\n============\n\nJS/nodejs structure for quickly finding nearest edges and vertices\n',
104 silly publish   readmeFilename: 'README.md',
104 silly publish   _id: 'stree@0.0.3',
104 silly publish   dist: { shasum: 'b640f3f846b61ac722ce796747a2ed7cfda2a831' },
104 silly publish   _from: '.' }
105 verbose url raw stree
106 verbose url resolving [ 'https://registry.npmjs.org/', './stree' ]
107 verbose url resolved https://registry.npmjs.org/stree
108 info trying registry request attempt 1 at 14:25:28
109 http PUT https://registry.npmjs.org/stree
110 http 409 https://registry.npmjs.org/stree
111 verbose url raw stree
112 verbose url resolving [ 'https://registry.npmjs.org/', './stree' ]
113 verbose url resolved https://registry.npmjs.org/stree
114 info trying registry request attempt 1 at 14:25:29
115 http GET https://registry.npmjs.org/stree
116 http 200 https://registry.npmjs.org/stree
117 error publish fail Cannot publish over existing version.
117 error publish fail Update the 'version' field in package.json and try again.
117 error publish fail
117 error publish fail If the previous version was published in error, see:
117 error publish fail     npm help unpublish
117 error publish fail
117 error publish fail To automatically increment version numbers, see:
117 error publish fail     npm help version
118 error System Darwin 12.3.0
119 error command "/Users/chris/opt/node/bin/node" "/Users/chris/opt/node/bin/npm" "publish"
120 error cwd /Users/chris/git/segment-tree
121 error node -v v0.8.21
122 error npm -v 1.2.11
123 error code EPUBLISHCONFLICT
124 verbose exit [ 1, true ]
